<?xml version="1.0" encoding="UTF-8"?>
<!-- Generated by org.testng.reporters.JUnitReportReporter -->
<testsuite hostname="DESKTOP-ORVEKOM" failures="0" tests="12" name="Almosafer.Almosafer.AppTest" time="47.927" errors="0" timestamp="2025-05-10T14:06:39 GMT+03:00" skipped="0">
  <testcase classname="Almosafer.Almosafer.AppTest" name="ChekTheDefultLanguages" time="0.077"/>
  <testcase classname="Almosafer.Almosafer.AppTest" name="ChekTheCurrency" time="0.072"/>
  <testcase classname="Almosafer.Almosafer.AppTest" name="ChekTheContactNumber" time="0.075"/>
  <testcase classname="Almosafer.Almosafer.AppTest" name="checkQitafLogoIsDisplayed" time="0.137"/>
  <testcase classname="Almosafer.Almosafer.AppTest" name="verifyHotelsTabIsNotSelected" time="0.047"/>
  <testcase classname="Almosafer.Almosafer.AppTest" name="verifyDefaultDepartureDate" time="0.275"/>
  <testcase classname="Almosafer.Almosafer.AppTest" name="verifyDefaultReturnDate" time="0.045"/>
  <testcase classname="Almosafer.Almosafer.AppTest" name="RandomlyChangeTheLanguage" time="1.367"/>
  <testcase classname="Almosafer.Almosafer.AppTest" name="clickCities" time="2.388"/>
  <testcase classname="Almosafer.Almosafer.AppTest" name="selectRandomRoomOption" time="0.196"/>
  <testcase classname="Almosafer.Almosafer.AppTest" name="clickSearchHotelsButton" time="42.983"/>
  <testcase classname="Almosafer.Almosafer.AppTest" name="NewPage" time="0.265"/>
</testsuite> <!-- Almosafer.Almosafer.AppTest -->
